Change Component Footprint: Designator=MH1 Old Footprint=MH_7.4MMD_3.2MMD New Footprint=MH_7.4MMD_3.2MMD_NON_COPPER_NPTH
Change Component Footprint: Designator=MH2 Old Footprint=MH_7.4MMD_3.2MMD New Footprint=MH_7.4MMD_3.2MMD_NON_COPPER_NPTH
Change Component Footprint: Designator=MH3 Old Footprint=MH_7.4MMD_3.2MMD New Footprint=MH_7.4MMD_3.2MMD_NON_COPPER_NPTH
Change Component Footprint: Designator=MH4 Old Footprint=MH_7.4MMD_3.2MMD New Footprint=MH_7.4MMD_3.2MMD_NON_COPPER_NPTH
Added Pin To Net: NetName=+5V_USB Pin=C1-1
Added Pin To Net: NetName=GND Pin=C1-2
Added Pin To Net: NetName=+5V Pin=C2-1
Added Pin To Net: NetName=GND Pin=C2-2
Added Pin To Net: NetName=GND Pin=C3-1
Added Pin To Net: NetName=+5V/3V3_16U2 Pin=C3-2
Added Pin To Net: NetName=GND Pin=C4-1
Added Pin To Net: NetName=+5V/3V3_16U2 Pin=C4-2
Added Pin To Net: NetName=+5V/3V3_16U2 Pin=C5-2
Added Pin To Net: NetName=GND Pin=C6-1
Added Pin To Net: NetName=+5V Pin=C6-2
Added Pin To Net: NetName=GND Pin=C7-1
Added Pin To Net: NetName=+3V3_16U2_UCAP Pin=C7-2
Added Pin To Net: NetName=GND Pin=C8-1
Added Pin To Net: NetName=+5V/3V3 Pin=C8-2
Added Pin To Net: NetName=GND Pin=C9-1
Added Pin To Net: NetName=16U2_16MHZ_XTAL2 Pin=C9-2
Added Pin To Net: NetName=GND Pin=C10-1
Added Pin To Net: NetName=16U2_16MHZ_XTAL1 Pin=C10-2
Added Pin To Net: NetName=NetC11_1 Pin=C11-1
Added Pin To Net: NetName=GND Pin=C12-1
Added Pin To Net: NetName=+5V Pin=C12-2
Added Pin To Net: NetName=GND Pin=C13-1
Added Pin To Net: NetName=GND Pin=C14-1
Added Pin To Net: NetName=+5V Pin=C14-2
Added Pin To Net: NetName=GND Pin=C15-1
Added Pin To Net: NetName=+5V/3V3 Pin=C15-2
Added Pin To Net: NetName=+3V3 Pin=C16-2
Added Pin To Net: NetName=GND Pin=C17-1
Added Pin To Net: NetName=+5V/3V3 Pin=C17-2
Added Pin To Net: NetName=GND Pin=C19-1
Added Pin To Net: NetName=+5V/3V3_328P_VCC Pin=C19-2
Added Pin To Net: NetName=GND Pin=C20-1
Added Pin To Net: NetName=+5V/3V3_328P_VCC Pin=C20-2
Added Pin To Net: NetName=GND Pin=C21-1
Added Pin To Net: NetName=+AREF Pin=C21-2
Added Pin To Net: NetName=GND Pin=C23-1
Added Pin To Net: NetName=+5V/3V3_328P_AVCC Pin=C23-2
Added Pin To Net: NetName=GND Pin=C24-1
Added Pin To Net: NetName=+AREF Pin=C24-2
Added Pin To Net: NetName=GND Pin=C25-1
Added Pin To Net: NetName=328P_16MHZ_XTAL2 Pin=C25-2
Added Pin To Net: NetName=+5V/3V3 Pin=C26-2
Added Pin To Net: NetName=GND Pin=C27-1
Added Pin To Net: NetName=328P_16MHZ_XTAL1 Pin=C27-2
Added Pin To Net: NetName=GND Pin=C28-1
Added Pin To Net: NetName=+5V/3V3 Pin=C28-2
Added Pin To Net: NetName=GND Pin=C29-1
Added Pin To Net: NetName=+5V/3V3 Pin=C29-2
Added Pin To Net: NetName=GND Pin=C30-1
Added Pin To Net: NetName=+5V/3V3 Pin=C30-2
Added Pin To Net: NetName=GND Pin=C31-1
Added Pin To Net: NetName=16U2_BUF_RESETn Pin=C31-2
Added Pin To Net: NetName=GND Pin=C32-1
Added Pin To Net: NetName=328P_BUF_RESETn Pin=C32-2
Added Pin To Net: NetName=GND Pin=C33-1
Added Pin To Net: NetName=USER_BUTTON_BUF Pin=C33-2
Added Pin To Net: NetName=+5V/3V3 Pin=C34-2
Added Pin To Net: NetName=GND Pin=D1-1
Added Pin To Net: NetName=NetD2_1 Pin=D2-1
Added Pin To Net: NetName=16U2_TX_LED Pin=D3-1
Added Pin To Net: NetName=16U2_RX_LED Pin=D4-1
Added Pin To Net: NetName=NetD4_2 Pin=D4-2
Added Pin To Net: NetName=NetD5_2 Pin=D5-2
Added Pin To Net: NetName=BUTTON_RESETn Pin=D6-2
Added Pin To Net: NetName=+5V/3V3 Pin=FB1-1
Added Pin To Net: NetName=+5V/3V3_16U2 Pin=FB1-2
Added Pin To Net: NetName=+5V/3V3 Pin=FB2-1
Added Pin To Net: NetName=+5V/3V3_328P_VCC Pin=FB2-2
Added Pin To Net: NetName=+5V/3V3 Pin=FB3-1
Added Pin To Net: NetName=+5V/3V3_328P_AVCC Pin=FB3-2
Added Pin To Net: NetName=+5V/3V3 Pin=J1-2
Added Pin To Net: NetName=+3V3 Pin=J1-4
Added Pin To Net: NetName=+5V Pin=J1-5
Added Pin To Net: NetName=GND Pin=J1-6
Added Pin To Net: NetName=GND Pin=J1-7
Added Pin To Net: NetName=AD0 Pin=J2-1
Added Pin To Net: NetName=AD1 Pin=J2-2
Added Pin To Net: NetName=AD2 Pin=J2-3
Added Pin To Net: NetName=AD3 Pin=J2-4
Added Pin To Net: NetName=AD4/SDA Pin=J2-5
Added Pin To Net: NetName=AD5/SCL Pin=J2-6
Added Pin To Net: NetName=16U2_TXD Pin=J3-1
Added Pin To Net: NetName=16U2_RXD Pin=J3-2
Added Pin To Net: NetName=IO2 Pin=J3-3
Added Pin To Net: NetName=IO3 Pin=J3-4
Added Pin To Net: NetName=IO4 Pin=J3-5
Added Pin To Net: NetName=IO5 Pin=J3-6
Added Pin To Net: NetName=IO6 Pin=J3-7
Added Pin To Net: NetName=IO7 Pin=J3-8
Added Pin To Net: NetName=IO8 Pin=J4-1
Added Pin To Net: NetName=IO9 Pin=J4-2
Added Pin To Net: NetName=SS Pin=J4-3
Added Pin To Net: NetName=MOSI Pin=J4-4
Added Pin To Net: NetName=MISO Pin=J4-5
Added Pin To Net: NetName=SCK Pin=J4-6
Added Pin To Net: NetName=GND Pin=J4-7
Added Pin To Net: NetName=+AREF Pin=J4-8
Added Pin To Net: NetName=AD4/SDA Pin=J4-9
Added Pin To Net: NetName=AD5/SCL Pin=J4-10
Added Pin To Net: NetName=MISO Pin=J5-1
Added Pin To Net: NetName=+5V/3V3 Pin=J5-2
Added Pin To Net: NetName=SCK Pin=J5-3
Added Pin To Net: NetName=MOSI Pin=J5-4
Added Pin To Net: NetName=GND Pin=J5-6
Added Pin To Net: NetName=NetJ6_1 Pin=J6-1
Added Pin To Net: NetName=+5V/3V3 Pin=J6-2
Added Pin To Net: NetName=16U2_SCLK Pin=J6-3
Added Pin To Net: NetName=NetJ6_4 Pin=J6-4
Added Pin To Net: NetName=16U2_HDR_RESETn Pin=J6-5
Added Pin To Net: NetName=GND Pin=J6-6
Added Pin To Net: NetName=+5V_USB Pin=J7-1
Added Pin To Net: NetName=CON_USB_N Pin=J7-2
Added Pin To Net: NetName=CON_USB_P Pin=J7-3
Added Pin To Net: NetName=NetJ7_4 Pin=J7-4
Added Pin To Net: NetName=GND Pin=J7-5
Added Pin To Net: NetName=GND Pin=J7-6
Added Pin To Net: NetName=GND Pin=J7-7
Added Pin To Net: NetName=GND Pin=J7-8
Added Pin To Net: NetName=GND Pin=J7-9
Added Pin To Net: NetName=GND Pin=J7-10
Added Pin To Net: NetName=GND Pin=J7-11
Added Pin To Net: NetName=+5V Pin=J8-1
Added Pin To Net: NetName=GND Pin=J9-1
Added Pin To Net: NetName=NetC11_1 Pin=JP1-1
Added Pin To Net: NetName=16U2PROG_328P_RESETn Pin=JP1-2
Added Pin To Net: NetName=NetJP1_3 Pin=JP1-3
Added Pin To Net: NetName=16U2_PB4 Pin=JP2-1
Added Pin To Net: NetName=16U2_PB6 Pin=JP2-2
Added Pin To Net: NetName=16U2_PB5 Pin=JP2-3
Added Pin To Net: NetName=16U2_PB7 Pin=JP2-4
Added Pin To Net: NetName=16U2_PB4 Pin=JP3-2
Added Pin To Net: NetName=16U2_HDR_RESETn Pin=JP3-3
Added Pin To Net: NetName=+5V Pin=JP4-1
Added Pin To Net: NetName=+5V/3V3 Pin=JP4-2
Added Pin To Net: NetName=+3V3 Pin=JP4-3
Added Pin To Net: NetName=+5V_USB Pin=L1-1
Added Pin To Net: NetName=+5V Pin=L1-2
Added Pin To Net: NetName=GND Pin=MH1-1
Added Pin To Net: NetName=GND Pin=MH2-1
Added Pin To Net: NetName=GND Pin=MH3-1
Added Pin To Net: NetName=16U2PROG_328P_RESETn Pin=R1-1
Added Pin To Net: NetName=+5V/3V3 Pin=R1-2
Added Pin To Net: NetName=+5V/3V3 Pin=R2-2
Added Pin To Net: NetName=NetD4_2 Pin=R3-1
Added Pin To Net: NetName=+5V/3V3 Pin=R3-2
Added Pin To Net: NetName=16U2_RESETn Pin=R4-1
Added Pin To Net: NetName=NetR5_1 Pin=R5-1
Added Pin To Net: NetName=16U2_SCLK Pin=R5-2
Added Pin To Net: NetName=CON_USB_N Pin=R6-1
Added Pin To Net: NetName=USB_N Pin=R6-2
Added Pin To Net: NetName=CON_USB_P Pin=R7-1
Added Pin To Net: NetName=USB_P Pin=R7-2
Added Pin To Net: NetName=NetJ7_4 Pin=R8-1
Added Pin To Net: NetName=GND Pin=R8-2
Added Pin To Net: NetName=16U2_16MHZ_XTAL1 Pin=R9-1
Added Pin To Net: NetName=16U2_16MHZ_XTAL2 Pin=R9-2
Added Pin To Net: NetName=NetR10_1 Pin=R10-1
Added Pin To Net: NetName=16U2_TXD Pin=R10-2
Added Pin To Net: NetName=NetR11_1 Pin=R11-1
Added Pin To Net: NetName=16U2_RXD Pin=R11-2
Added Pin To Net: NetName=GND Pin=R12-1
Added Pin To Net: NetName=NetJP1_3 Pin=R12-2
Added Pin To Net: NetName=SCK_R Pin=R13-1
Added Pin To Net: NetName=SCK Pin=R13-2
Added Pin To Net: NetName=328P_RESETn Pin=R14-1
Added Pin To Net: NetName=+5V/3V3 Pin=R14-2
Added Pin To Net: NetName=328P_16MHZ_XTAL1 Pin=R16-1
Added Pin To Net: NetName=328P_16MHZ_XTAL2 Pin=R16-2
Added Pin To Net: NetName=+5V/3V3 Pin=R17-2
Added Pin To Net: NetName=328P_AUTORESETn Pin=R18-1
Added Pin To Net: NetName=+5V/3V3 Pin=R18-2
Added Pin To Net: NetName=NetD5_2 Pin=R19-1
Added Pin To Net: NetName=+5V/3V3 Pin=R19-2
Added Pin To Net: NetName=BUTTON_RESETn Pin=R20-1
Added Pin To Net: NetName=+5V/3V3 Pin=R20-2
Added Pin To Net: NetName=USER_BUTTON Pin=R21-1
Added Pin To Net: NetName=+5V/3V3 Pin=R21-2
Added Pin To Net: NetName=NetR22_1 Pin=R22-1
Added Pin To Net: NetName=NetD5_2 Pin=R23-1
Added Pin To Net: NetName=16U2_BUF_RESETn Pin=R23-2
Added Pin To Net: NetName=BUTTON_RESETn Pin=R24-1
Added Pin To Net: NetName=328P_BUF_RESETn Pin=R24-2
Added Pin To Net: NetName=USER_BUTTON Pin=R25-1
Added Pin To Net: NetName=USER_BUTTON_BUF Pin=R25-2
Added Pin To Net: NetName=+3V3_16U2_UCAP Pin=R26-1
Added Pin To Net: NetName=+5V/3V3_16U2 Pin=R26-2
Added Pin To Net: NetName=+5V Pin=R27-1
Added Pin To Net: NetName=+5V/3V3 Pin=R27-2
Added Pin To Net: NetName=+5V/3V3 Pin=R28-1
Added Pin To Net: NetName=+3V3 Pin=R28-2
Added Pin To Net: NetName=BUTTON_RESETn Pin=SW1-1
Added Pin To Net: NetName=BUTTON_RESETn Pin=SW1-2
Added Pin To Net: NetName=GND Pin=SW1-3
Added Pin To Net: NetName=GND Pin=SW1-4
Added Pin To Net: NetName=USER_BUTTON Pin=SW2-1
Added Pin To Net: NetName=USER_BUTTON Pin=SW2-2
Added Pin To Net: NetName=GND Pin=SW2-3
Added Pin To Net: NetName=GND Pin=SW2-4
Added Pin To Net: NetName=328P_RESETn Pin=U1-1
Added Pin To Net: NetName=16U2_TXD Pin=U1-2
Added Pin To Net: NetName=16U2_RXD Pin=U1-3
Added Pin To Net: NetName=IO2 Pin=U1-4
Added Pin To Net: NetName=IO3 Pin=U1-5
Added Pin To Net: NetName=IO4 Pin=U1-6
Added Pin To Net: NetName=+5V/3V3_328P_VCC Pin=U1-7
Added Pin To Net: NetName=GND Pin=U1-8
Added Pin To Net: NetName=328P_16MHZ_XTAL1 Pin=U1-9
Added Pin To Net: NetName=328P_16MHZ_XTAL2 Pin=U1-10
Added Pin To Net: NetName=IO5 Pin=U1-11
Added Pin To Net: NetName=IO6 Pin=U1-12
Added Pin To Net: NetName=IO7 Pin=U1-13
Added Pin To Net: NetName=IO8 Pin=U1-14
Added Pin To Net: NetName=IO9 Pin=U1-15
Added Pin To Net: NetName=SS Pin=U1-16
Added Pin To Net: NetName=MOSI Pin=U1-17
Added Pin To Net: NetName=MISO Pin=U1-18
Added Pin To Net: NetName=SCK_R Pin=U1-19
Added Pin To Net: NetName=+5V/3V3_328P_AVCC Pin=U1-20
Added Pin To Net: NetName=+AREF Pin=U1-21
Added Pin To Net: NetName=GND Pin=U1-22
Added Pin To Net: NetName=AD0 Pin=U1-23
Added Pin To Net: NetName=AD1 Pin=U1-24
Added Pin To Net: NetName=AD2 Pin=U1-25
Added Pin To Net: NetName=AD3 Pin=U1-26
Added Pin To Net: NetName=AD4/SDA Pin=U1-27
Added Pin To Net: NetName=AD5/SCL Pin=U1-28
Added Pin To Net: NetName=16U2_16MHZ_XTAL1 Pin=U2-1
Added Pin To Net: NetName=16U2_16MHZ_XTAL2 Pin=U2-2
Added Pin To Net: NetName=GND Pin=U2-3
Added Pin To Net: NetName=+5V/3V3_16U2 Pin=U2-4
Added Pin To Net: NetName=NetR11_1 Pin=U2-8
Added Pin To Net: NetName=NetR10_1 Pin=U2-9
Added Pin To Net: NetName=16U2_RX_LED Pin=U2-10
Added Pin To Net: NetName=16U2_TX_LED Pin=U2-11
Added Pin To Net: NetName=16U2PROG_328P_RESETn Pin=U2-13
Added Pin To Net: NetName=NetR5_1 Pin=U2-15
Added Pin To Net: NetName=NetJ6_4 Pin=U2-16
Added Pin To Net: NetName=NetJ6_1 Pin=U2-17
Added Pin To Net: NetName=16U2_PB4 Pin=U2-18
Added Pin To Net: NetName=16U2_PB5 Pin=U2-19
Added Pin To Net: NetName=16U2_PB6 Pin=U2-20
Added Pin To Net: NetName=16U2_PB7 Pin=U2-21
Added Pin To Net: NetName=16U2_RESETn Pin=U2-24
Added Pin To Net: NetName=+3V3_16U2_UCAP Pin=U2-27
Added Pin To Net: NetName=GND Pin=U2-28
Added Pin To Net: NetName=USB_P Pin=U2-29
Added Pin To Net: NetName=USB_N Pin=U2-30
Added Pin To Net: NetName=+5V Pin=U2-31
Added Pin To Net: NetName=+5V/3V3_16U2 Pin=U2-32
Added Pin To Net: NetName=+5V Pin=U3-1
Added Pin To Net: NetName=+5V Pin=U3-2
Added Pin To Net: NetName=GND Pin=U3-3
Added Pin To Net: NetName=+3V3 Pin=U3-4
Added Pin To Net: NetName=+3V3 Pin=U3-5
Added Pin To Net: NetName=GND Pin=U3-6
Added Pin To Net: NetName=SCK Pin=U4-1
Added Pin To Net: NetName=SCK Pin=U4-2
Added Pin To Net: NetName=GND Pin=U4-3
Added Pin To Net: NetName=NetD2_1 Pin=U4-4
Added Pin To Net: NetName=+5V/3V3 Pin=U4-5
Added Pin To Net: NetName=16U2_BUF_RESETn Pin=U5-1
Added Pin To Net: NetName=16U2_BUF_RESETn Pin=U5-2
Added Pin To Net: NetName=GND Pin=U5-3
Added Pin To Net: NetName=+5V/3V3 Pin=U5-5
Added Pin To Net: NetName=328P_AUTORESETn Pin=U6-1
Added Pin To Net: NetName=328P_BUF_RESETn Pin=U6-2
Added Pin To Net: NetName=GND Pin=U6-3
Added Pin To Net: NetName=+5V/3V3 Pin=U6-5
Added Pin To Net: NetName=USER_BUTTON_BUF Pin=U7-1
Added Pin To Net: NetName=USER_BUTTON_BUF Pin=U7-2
Added Pin To Net: NetName=GND Pin=U7-3
Added Pin To Net: NetName=NetR22_1 Pin=U7-4
Added Pin To Net: NetName=+5V/3V3 Pin=U7-5
Added Pin To Net: NetName=328P_16MHZ_XTAL1 Pin=Y1-1
Added Pin To Net: NetName=328P_16MHZ_XTAL2 Pin=Y1-2
Added Pin To Net: NetName=16U2_16MHZ_XTAL1 Pin=Y2-1
Added Pin To Net: NetName=16U2_16MHZ_XTAL2 Pin=Y2-2
Added Pin To Net: NetName=GND Pin=Z1-1
Added Pin To Net: NetName=CON_USB_N Pin=Z1-2
Added Pin To Net: NetName=GND Pin=Z2-1
Added Pin To Net: NetName=CON_USB_P Pin=Z2-2
